Using pre-set license
Built from '2020.2/release' branch; Version is '2020.2.1f1 (270dd8c3da1c) revision 2559448'; Using compiler version '192528614'; Build Type 'Release'
OS: 'Windows 10  (10.0.0) 64bit' Language: 'en' Physical Memory: 16333 MB
BatchMode: 1, IsHumanControllingUs: 0, StartBugReporterOnCrash: 0, Is64bit: 1, IsPro: 0

 COMMAND LINE ARGUMENTS:
C:\Program Files\Unity\Hub\Editor\2020.2.1f1\Editor\Unity.exe
-adb2
-batchMode
-noUpm
-name
AssetImportWorker1
-projectPath
F:/Projects/Client/BD/SuperCasino
-logFile
Logs/AssetImportWorker1.log
-srvPort
61589
Successfully changed project path to: F:/Projects/Client/BD/SuperCasino
F:/Projects/Client/BD/SuperCasino
Using Asset Import Pipeline V2.
Refreshing native plugins compatible for Editor in 59.01 ms, found 0 plugins.
Preloading 0 native plugins for Editor in 0.00 ms.
Initialize engine version: 2020.2.1f1 (270dd8c3da1c)
[Subsystems] Discovering subsystems at path C:/Program Files/Unity/Hub/Editor/2020.2.1f1/Editor/Data/Resources/UnitySubsystems
[Subsystems] Discovering subsystems at path F:/Projects/Client/BD/SuperCasino/Assets
GfxDevice: creating device client; threaded=0
Direct3D:
    Version:  Direct3D 11.0 [level 11.1]
    Renderer: NVIDIA GeForce RTX 2080 (ID=0x1e82)
    Vendor:   
    VRAM:     8010 MB
    Driver:   27.21.14.5638
Initialize mono
Mono path[0] = 'C:/Program Files/Unity/Hub/Editor/2020.2.1f1/Editor/Data/Managed'
Mono path[1] = 'C:/Program Files/Unity/Hub/Editor/2020.2.1f1/Editor/Data/MonoBleedingEdge/lib/mono/unityjit'
Mono config path = 'C:/Program Files/Unity/Hub/Editor/2020.2.1f1/Editor/Data/MonoBleedingEdge/etc'
Using monoOptions --debugger-agent=transport=dt_socket,embedding=1,server=y,suspend=n,address=127.0.0.1:56380
Begin MonoManager ReloadAssembly
Registering precompiled unity dll's ...
Register platform support module: C:/Program Files/Unity/Hub/Editor/2020.2.1f1/Editor/Data/PlaybackEngines/WindowsStandaloneSupport/UnityEditor.WindowsStandalone.Extensions.dll
Registered in 0.001231 seconds.
Native extension for WindowsStandalone target not found
Refreshing native plugins compatible for Editor in 53.73 ms, found 0 plugins.
Preloading 0 native plugins for Editor in 0.00 ms.
Invoked RoslynAnalysisRunner static constructor.
RoslynAnalysisRunner will not be running.
RoslynAnalysisRunner has terminated.
Mono: successfully reloaded assembly
- Completed reload, in  0.806 seconds
Platform modules already initialized, skipping
Registering precompiled user dll's ...
Registered in 0.000661 seconds.
Begin MonoManager ReloadAssembly
Native extension for WindowsStandalone target not found
Refreshing native plugins compatible for Editor in 58.43 ms, found 0 plugins.
Preloading 0 native plugins for Editor in 0.00 ms.
Invoked RoslynAnalysisRunner static constructor.
RoslynAnalysisRunner will not be running.
RoslynAnalysisRunner has terminated.
Mono: successfully reloaded assembly
- Completed reload, in  0.751 seconds
Platform modules already initialized, skipping
========================================================================
Worker process is ready to serve import requests
Launched and connected shader compiler UnityShaderCompiler.exe after 0.04 seconds
Refreshing native plugins compatible for Editor in 0.77 ms, found 0 plugins.
Preloading 0 native plugins for Editor in 0.00 ms.
Unloading 1648 Unused Serialized files (Serialized files now loaded: 0)
System memory in use before: 85.4 MB.
System memory in use after: 85.5 MB.

Unloading 27 unused Assets to reduce memory usage. Loaded Objects now: 2075.
Total: 2.190000 ms (FindLiveObjects: 0.340700 ms CreateObjectMapping: 0.059100 ms MarkObjects: 1.720700 ms  DeleteObjects: 0.068100 ms)

========================================================================
Received Import Request.
  path: Assets/Scenes/Main Menu.unity
  artifactKey: Guid(264ed997b8361c641a1faeaef043857b) Importer(815301076,1909f56bfc062723c751e8b465ee728b)
Start importing Assets/Scenes/Main Menu.unity using Guid(264ed997b8361c641a1faeaef043857b) Importer(815301076,1909f56bfc062723c751e8b465ee728b)  -> (artifact id: 'a05aa07571cffccc29e95765652c1dcd') in 0.010246 seconds
  Import took 0.013031 seconds .

========================================================================
Received Prepare
Registering precompiled user dll's ...
Registered in 0.001015 seconds.
Begin MonoManager ReloadAssembly
Native extension for WindowsStandalone target not found
Refreshing native plugins compatible for Editor in 0.79 ms, found 0 plugins.
Preloading 0 native plugins for Editor in 0.00 ms.
Invoked RoslynAnalysisRunner static constructor.
RoslynAnalysisRunner will not be running.
RoslynAnalysisRunner has terminated.
Mono: successfully reloaded assembly
- Completed reload, in  0.650 seconds
Platform modules already initialized, skipping
Refreshing native plugins compatible for Editor in 0.81 ms, found 0 plugins.
Preloading 0 native plugins for Editor in 0.00 ms.
Unloading 1621 Unused Serialized files (Serialized files now loaded: 0)
System memory in use before: 83.5 MB.
System memory in use after: 83.6 MB.

Unloading 22 unused Assets to reduce memory usage. Loaded Objects now: 2077.
Total: 1.549300 ms (FindLiveObjects: 0.181200 ms CreateObjectMapping: 0.041500 ms MarkObjects: 1.310200 ms  DeleteObjects: 0.015600 ms)

========================================================================
Received Prepare
Registering precompiled user dll's ...
Registered in 0.001013 seconds.
Begin MonoManager ReloadAssembly
Native extension for WindowsStandalone target not found
Refreshing native plugins compatible for Editor in 0.87 ms, found 0 plugins.
Preloading 0 native plugins for Editor in 0.00 ms.
Invoked RoslynAnalysisRunner static constructor.
RoslynAnalysisRunner will not be running.
RoslynAnalysisRunner has terminated.
Mono: successfully reloaded assembly
- Completed reload, in  0.720 seconds
Platform modules already initialized, skipping
Refreshing native plugins compatible for Editor in 0.87 ms, found 0 plugins.
Preloading 0 native plugins for Editor in 0.00 ms.
Unloading 1622 Unused Serialized files (Serialized files now loaded: 0)
System memory in use before: 83.8 MB.
System memory in use after: 83.9 MB.

Unloading 22 unused Assets to reduce memory usage. Loaded Objects now: 2079.
Total: 1.804700 ms (FindLiveObjects: 0.220800 ms CreateObjectMapping: 0.035200 ms MarkObjects: 1.526000 ms  DeleteObjects: 0.021900 ms)

========================================================================
Received Prepare
Registering precompiled user dll's ...
Registered in 0.000924 seconds.
Begin MonoManager ReloadAssembly
Native extension for WindowsStandalone target not found
Refreshing native plugins compatible for Editor in 0.81 ms, found 0 plugins.
Preloading 0 native plugins for Editor in 0.00 ms.
Invoked RoslynAnalysisRunner static constructor.
RoslynAnalysisRunner will not be running.
RoslynAnalysisRunner has terminated.
Mono: successfully reloaded assembly
- Completed reload, in  0.662 seconds
Platform modules already initialized, skipping
Refreshing native plugins compatible for Editor in 0.82 ms, found 0 plugins.
Preloading 0 native plugins for Editor in 0.00 ms.
Unloading 1622 Unused Serialized files (Serialized files now loaded: 0)
System memory in use before: 84.2 MB.
System memory in use after: 84.3 MB.

Unloading 22 unused Assets to reduce memory usage. Loaded Objects now: 2081.
Total: 1.569800 ms (FindLiveObjects: 0.184100 ms CreateObjectMapping: 0.033700 ms MarkObjects: 1.336900 ms  DeleteObjects: 0.014200 ms)

========================================================================
Received Prepare
Registering precompiled user dll's ...
Registered in 0.000708 seconds.
Begin MonoManager ReloadAssembly
Native extension for WindowsStandalone target not found
Refreshing native plugins compatible for Editor in 0.81 ms, found 0 plugins.
Preloading 0 native plugins for Editor in 0.00 ms.
Invoked RoslynAnalysisRunner static constructor.
RoslynAnalysisRunner will not be running.
RoslynAnalysisRunner has terminated.
Mono: successfully reloaded assembly
- Completed reload, in  0.655 seconds
Platform modules already initialized, skipping
Refreshing native plugins compatible for Editor in 0.79 ms, found 0 plugins.
Preloading 0 native plugins for Editor in 0.00 ms.
Unloading 1622 Unused Serialized files (Serialized files now loaded: 0)
System memory in use before: 84.5 MB.
System memory in use after: 84.6 MB.

Unloading 22 unused Assets to reduce memory usage. Loaded Objects now: 2083.
Total: 1.937000 ms (FindLiveObjects: 0.196600 ms CreateObjectMapping: 0.035300 ms MarkObjects: 1.670400 ms  DeleteObjects: 0.033300 ms)

========================================================================
Received Import Request.
  Time since last request: 843.048064 seconds.
  path: Assets/Scripts/WinningManager.cs
  artifactKey: Guid(7f3162840302e284ba3d4ecd1941c115) Importer(815301076,1909f56bfc062723c751e8b465ee728b)
Start importing Assets/Scripts/WinningManager.cs using Guid(7f3162840302e284ba3d4ecd1941c115) Importer(815301076,1909f56bfc062723c751e8b465ee728b)  -> (artifact id: '2ebf7adce3524b9b8708ee9a22af5dad') in 0.023406 seconds
  Import took 0.026341 seconds .

========================================================================
Received Import Request.
  Time since last request: 0.000680 seconds.
  path: Assets/Scripts/WinningManager.cs
  artifactKey: Guid(7f3162840302e284ba3d4ecd1941c115) Importer(815301076,1909f56bfc062723c751e8b465ee728b)
Start importing Assets/Scripts/WinningManager.cs using Guid(7f3162840302e284ba3d4ecd1941c115) Importer(815301076,1909f56bfc062723c751e8b465ee728b)  -> (artifact id: '2ebf7adce3524b9b8708ee9a22af5dad') in 0.002270 seconds
  Import took 0.004995 seconds .

========================================================================
Received Prepare
Registering precompiled user dll's ...
Registered in 0.000944 seconds.
Begin MonoManager ReloadAssembly
Native extension for WindowsStandalone target not found
Refreshing native plugins compatible for Editor in 0.77 ms, found 0 plugins.
Preloading 0 native plugins for Editor in 0.00 ms.
Invoked RoslynAnalysisRunner static constructor.
RoslynAnalysisRunner will not be running.
RoslynAnalysisRunner has terminated.
Mono: successfully reloaded assembly
- Completed reload, in  0.680 seconds
Platform modules already initialized, skipping
Refreshing native plugins compatible for Editor in 0.82 ms, found 0 plugins.
Preloading 0 native plugins for Editor in 0.00 ms.
Unloading 1622 Unused Serialized files (Serialized files now loaded: 0)
System memory in use before: 84.8 MB.
System memory in use after: 84.9 MB.

Unloading 22 unused Assets to reduce memory usage. Loaded Objects now: 2085.
Total: 1.676300 ms (FindLiveObjects: 0.193300 ms CreateObjectMapping: 0.034400 ms MarkObjects: 1.432300 ms  DeleteObjects: 0.015300 ms)

========================================================================
Received Import Request.
  Time since last request: 60.019326 seconds.
  path: Assets/Scripts/WinningManager.cs
  artifactKey: Guid(7f3162840302e284ba3d4ecd1941c115) Importer(815301076,1909f56bfc062723c751e8b465ee728b)
Start importing Assets/Scripts/WinningManager.cs using Guid(7f3162840302e284ba3d4ecd1941c115) Importer(815301076,1909f56bfc062723c751e8b465ee728b)  -> (artifact id: 'd14c051cfc27680fae1d0cb07ca93460') in 0.004583 seconds
  Import took 0.007715 seconds .

========================================================================
Received Import Request.
  Time since last request: 2.388059 seconds.
  path: Assets/Scripts/WinningManager.cs
  artifactKey: Guid(7f3162840302e284ba3d4ecd1941c115) Importer(815301076,1909f56bfc062723c751e8b465ee728b)
Start importing Assets/Scripts/WinningManager.cs using Guid(7f3162840302e284ba3d4ecd1941c115) Importer(815301076,1909f56bfc062723c751e8b465ee728b)  -> (artifact id: 'd14c051cfc27680fae1d0cb07ca93460') in 0.001899 seconds
  Import took 0.004601 seconds .

========================================================================
Received Prepare
Registering precompiled user dll's ...
Registered in 0.000796 seconds.
Begin MonoManager ReloadAssembly
Native extension for WindowsStandalone target not found
Refreshing native plugins compatible for Editor in 0.81 ms, found 0 plugins.
Preloading 0 native plugins for Editor in 0.00 ms.
Invoked RoslynAnalysisRunner static constructor.
RoslynAnalysisRunner will not be running.
RoslynAnalysisRunner has terminated.
Mono: successfully reloaded assembly
- Completed reload, in  0.672 seconds
Platform modules already initialized, skipping
Refreshing native plugins compatible for Editor in 0.81 ms, found 0 plugins.
Preloading 0 native plugins for Editor in 0.00 ms.
Unloading 1622 Unused Serialized files (Serialized files now loaded: 0)
System memory in use before: 84.9 MB.
System memory in use after: 85.0 MB.

Unloading 22 unused Assets to reduce memory usage. Loaded Objects now: 2087.
Total: 1.598600 ms (FindLiveObjects: 0.178400 ms CreateObjectMapping: 0.042000 ms MarkObjects: 1.361200 ms  DeleteObjects: 0.016100 ms)

========================================================================
Received Import Request.
  Time since last request: 87.243987 seconds.
  path: Assets/Scripts/BallSpawner.cs
  artifactKey: Guid(3472831be4c7cf745b3d9dcd098903b3) Importer(815301076,1909f56bfc062723c751e8b465ee728b)
Start importing Assets/Scripts/BallSpawner.cs using Guid(3472831be4c7cf745b3d9dcd098903b3) Importer(815301076,1909f56bfc062723c751e8b465ee728b)  -> (artifact id: 'd0fe25d8c97c8c5172c710ef76df7122') in 0.008368 seconds
  Import took 0.011262 seconds .

========================================================================
Received Import Request.
  Time since last request: 5.576573 seconds.
  path: Assets/Prefabs/Shop_item.prefab
  artifactKey: Guid(9b58354378dd5be4eb18d7ef487b5b06) Importer(815301076,1909f56bfc062723c751e8b465ee728b)
Start importing Assets/Prefabs/Shop_item.prefab using Guid(9b58354378dd5be4eb18d7ef487b5b06) Importer(815301076,1909f56bfc062723c751e8b465ee728b)  -> (artifact id: '4b0bb658b41b8035bcd2488fba0276d0') in 0.063319 seconds
  Import took 0.066413 seconds .

========================================================================
Received Prepare
Registering precompiled user dll's ...
Registered in 0.000989 seconds.
Begin MonoManager ReloadAssembly
Native extension for WindowsStandalone target not found
Refreshing native plugins compatible for Editor in 0.84 ms, found 0 plugins.
Preloading 0 native plugins for Editor in 0.00 ms.
Invoked RoslynAnalysisRunner static constructor.
RoslynAnalysisRunner will not be running.
RoslynAnalysisRunner has terminated.
Mono: successfully reloaded assembly
- Completed reload, in  0.681 seconds
Platform modules already initialized, skipping
Refreshing native plugins compatible for Editor in 0.89 ms, found 0 plugins.
Preloading 0 native plugins for Editor in 0.00 ms.
Unloading 1622 Unused Serialized files (Serialized files now loaded: 0)
System memory in use before: 84.4 MB.
System memory in use after: 84.5 MB.

Unloading 22 unused Assets to reduce memory usage. Loaded Objects now: 2089.
Total: 1.586900 ms (FindLiveObjects: 0.170500 ms CreateObjectMapping: 0.034700 ms MarkObjects: 1.366200 ms  DeleteObjects: 0.014500 ms)

========================================================================
Received Import Request.
  Time since last request: 168.117054 seconds.
  path: Assets/Balls/Prefabs/Game prefabs/Ball/Beach_Ball.prefab
  artifactKey: Guid(f28e5a6923bc6794aa8d36c5ef945d51) Importer(815301076,1909f56bfc062723c751e8b465ee728b)
Start importing Assets/Balls/Prefabs/Game prefabs/Ball/Beach_Ball.prefab using Guid(f28e5a6923bc6794aa8d36c5ef945d51) Importer(815301076,1909f56bfc062723c751e8b465ee728b)  -> (artifact id: '1b63c63d5ed7586c139a2ef2ded3f589') in 0.115744 seconds
  Import took 0.118675 seconds .

========================================================================
Received Import Request.
  Time since last request: 0.000187 seconds.
  path: Assets/Balls/Prefabs/Game prefabs/Ball/Normal_Ball.prefab
  artifactKey: Guid(791ba039841e87548a0f9f4ac527b5ea) Importer(815301076,1909f56bfc062723c751e8b465ee728b)
Start importing Assets/Balls/Prefabs/Game prefabs/Ball/Normal_Ball.prefab using Guid(791ba039841e87548a0f9f4ac527b5ea) Importer(815301076,1909f56bfc062723c751e8b465ee728b)  -> (artifact id: 'f993d855cacd722a560f8695d1ab7e5d') in 0.019692 seconds
  Import took 0.022293 seconds .

========================================================================
Received Import Request.
  Time since last request: 0.000171 seconds.
  path: Assets/Balls/Prefabs/Game prefabs/Ball/volley_ball_FBX.prefab
  artifactKey: Guid(4057ec78fa40433418f314fdefe0fb9a) Importer(815301076,1909f56bfc062723c751e8b465ee728b)
Start importing Assets/Balls/Prefabs/Game prefabs/Ball/volley_ball_FBX.prefab using Guid(4057ec78fa40433418f314fdefe0fb9a) Importer(815301076,1909f56bfc062723c751e8b465ee728b)  -> (artifact id: '82e2a6d8b4bc84af17342416491ae370') in 0.012285 seconds
  Import took 0.015242 seconds .

========================================================================
Received Import Request.
  Time since last request: 0.000177 seconds.
  path: Assets/Balls/Prefabs/Game prefabs/Ball/Love_Arrow.prefab
  artifactKey: Guid(d9de74b02a4a13b4885dbecd42cdf351) Importer(815301076,1909f56bfc062723c751e8b465ee728b)
Start importing Assets/Balls/Prefabs/Game prefabs/Ball/Love_Arrow.prefab using Guid(d9de74b02a4a13b4885dbecd42cdf351) Importer(815301076,1909f56bfc062723c751e8b465ee728b)  -> (artifact id: '872d34748d4f958365ae6ceef144a4b4') in 0.013302 seconds
  Import took 0.015787 seconds .

========================================================================
Received Import Request.
  Time since last request: 0.000247 seconds.
  path: Assets/Balls/Prefabs/Game prefabs/Ball/Ball_Jupiter.prefab
  artifactKey: Guid(ebd65e867cbc96b41850ed93c70f29fb) Importer(815301076,1909f56bfc062723c751e8b465ee728b)
Start importing Assets/Balls/Prefabs/Game prefabs/Ball/Ball_Jupiter.prefab using Guid(ebd65e867cbc96b41850ed93c70f29fb) Importer(815301076,1909f56bfc062723c751e8b465ee728b)  -> (artifact id: 'f7f77193a57c168973b73649887d30cf') in 0.017773 seconds
  Import took 0.020416 seconds .

========================================================================
Received Import Request.
  Time since last request: 0.000186 seconds.
  path: Assets/Balls/Prefabs/Game prefabs/Ball/Icosahedron.prefab
  artifactKey: Guid(faf6b8d3dfa5ed04199acd00fad6aea2) Importer(815301076,1909f56bfc062723c751e8b465ee728b)
Start importing Assets/Balls/Prefabs/Game prefabs/Ball/Icosahedron.prefab using Guid(faf6b8d3dfa5ed04199acd00fad6aea2) Importer(815301076,1909f56bfc062723c751e8b465ee728b)  -> (artifact id: 'e6be460f138254ba6c71665b8d4c3c27') in 0.022174 seconds
  Import took 0.025593 seconds .

========================================================================
Received Import Request.
  Time since last request: 0.000154 seconds.
  path: Assets/Balls/Prefabs/Game prefabs/Ball/TENNIS_Ball.prefab
  artifactKey: Guid(c10a5fa81f3cbac4ba16708c70cd0eeb) Importer(815301076,1909f56bfc062723c751e8b465ee728b)
Start importing Assets/Balls/Prefabs/Game prefabs/Ball/TENNIS_Ball.prefab using Guid(c10a5fa81f3cbac4ba16708c70cd0eeb) Importer(815301076,1909f56bfc062723c751e8b465ee728b)  -> (artifact id: '6d187293b580479c6e070f75d8252fb0') in 0.017255 seconds
  Import took 0.019892 seconds .

========================================================================
Received Import Request.
  Time since last request: 0.000149 seconds.
  path: Assets/Balls/Prefabs/Game prefabs/Ball/Yarn.prefab
  artifactKey: Guid(50e2485377135144882ddba90f727a6a) Importer(815301076,1909f56bfc062723c751e8b465ee728b)
Start importing Assets/Balls/Prefabs/Game prefabs/Ball/Yarn.prefab using Guid(50e2485377135144882ddba90f727a6a) Importer(815301076,1909f56bfc062723c751e8b465ee728b)  -> (artifact id: '80c0f323013f4872bc2959c3abbb9398') in 0.019045 seconds
  Import took 0.021777 seconds .

========================================================================
Received Import Request.
  Time since last request: 0.000171 seconds.
  path: Assets/Balls/Prefabs/Game prefabs/Ball/soccerball.prefab
  artifactKey: Guid(7c6422a3d81ac5e48af890413bc7b78d) Importer(815301076,1909f56bfc062723c751e8b465ee728b)
Start importing Assets/Balls/Prefabs/Game prefabs/Ball/soccerball.prefab using Guid(7c6422a3d81ac5e48af890413bc7b78d) Importer(815301076,1909f56bfc062723c751e8b465ee728b)  -> (artifact id: '245f2d54f71e1387a32c8264065d5241') in 0.028380 seconds
  Import took 0.031188 seconds .

========================================================================
Received Import Request.
  Time since last request: 0.000169 seconds.
  path: Assets/Balls/Prefabs/Game prefabs/Ball/Selfie Tennis.prefab
  artifactKey: Guid(025e99798e3925548bd10d7112a2f792) Importer(815301076,1909f56bfc062723c751e8b465ee728b)
Start importing Assets/Balls/Prefabs/Game prefabs/Ball/Selfie Tennis.prefab using Guid(025e99798e3925548bd10d7112a2f792) Importer(815301076,1909f56bfc062723c751e8b465ee728b)  -> (artifact id: 'd1190b4e1009e5226b542bbdee8f9a59') in 0.015897 seconds
  Import took 0.018470 seconds .

========================================================================
Received Import Request.
  Time since last request: 0.000159 seconds.
  path: Assets/Balls/Prefabs/Game prefabs/Ball/Ball_Galaxy.prefab
  artifactKey: Guid(e4bca764ab3f4854184e0defe3eea509) Importer(815301076,1909f56bfc062723c751e8b465ee728b)
Start importing Assets/Balls/Prefabs/Game prefabs/Ball/Ball_Galaxy.prefab using Guid(e4bca764ab3f4854184e0defe3eea509) Importer(815301076,1909f56bfc062723c751e8b465ee728b)  -> (artifact id: '460f96777d137face6d21387dc5154ab') in 0.014471 seconds
  Import took 0.016964 seconds .

========================================================================
Received Import Request.
  Time since last request: 0.000157 seconds.
  path: Assets/Balls/Prefabs/Game prefabs/Ball/Ball_Rainbow.prefab
  artifactKey: Guid(46ab26f111e911246881bb5983af2890) Importer(815301076,1909f56bfc062723c751e8b465ee728b)
Start importing Assets/Balls/Prefabs/Game prefabs/Ball/Ball_Rainbow.prefab using Guid(46ab26f111e911246881bb5983af2890) Importer(815301076,1909f56bfc062723c751e8b465ee728b)  -> (artifact id: 'd1ea280819d263dbe19a3b3b5b35cfd6') in 0.018234 seconds
  Import took 0.020794 seconds .

========================================================================
Received Import Request.
  Time since last request: 0.000161 seconds.
  path: Assets/Balls/Prefabs/Game prefabs/Ball/Basket_Ball.prefab
  artifactKey: Guid(060b82bbb9dfe7a4ab382089091f4b35) Importer(815301076,1909f56bfc062723c751e8b465ee728b)
Start importing Assets/Balls/Prefabs/Game prefabs/Ball/Basket_Ball.prefab using Guid(060b82bbb9dfe7a4ab382089091f4b35) Importer(815301076,1909f56bfc062723c751e8b465ee728b)  -> (artifact id: 'b54409db2efe39bb33887d161ee0cf22') in 0.018997 seconds
  Import took 0.021668 seconds .

========================================================================
Received Prepare
Registering precompiled user dll's ...
Registered in 0.000946 seconds.
Begin MonoManager ReloadAssembly
Native extension for WindowsStandalone target not found
Refreshing native plugins compatible for Editor in 0.78 ms, found 0 plugins.
Preloading 0 native plugins for Editor in 0.00 ms.
Invoked RoslynAnalysisRunner static constructor.
RoslynAnalysisRunner will not be running.
RoslynAnalysisRunner has terminated.
Mono: successfully reloaded assembly
- Completed reload, in  0.682 seconds
Platform modules already initialized, skipping
Refreshing native plugins compatible for Editor in 1.23 ms, found 0 plugins.
Preloading 0 native plugins for Editor in 0.00 ms.
Unloading 1622 Unused Serialized files (Serialized files now loaded: 0)
System memory in use before: 87.9 MB.
System memory in use after: 88.0 MB.

Unloading 22 unused Assets to reduce memory usage. Loaded Objects now: 2098.
Total: 1.580500 ms (FindLiveObjects: 0.186700 ms CreateObjectMapping: 0.040100 ms MarkObjects: 1.338400 ms  DeleteObjects: 0.014400 ms)

========================================================================
Received Import Request.
  Time since last request: 80.516361 seconds.
  path: Assets/Balls/Prefabs/Game prefabs/Ball/Beach_Ball.prefab
  artifactKey: Guid(f28e5a6923bc6794aa8d36c5ef945d51) Importer(815301076,1909f56bfc062723c751e8b465ee728b)
Start importing Assets/Balls/Prefabs/Game prefabs/Ball/Beach_Ball.prefab using Guid(f28e5a6923bc6794aa8d36c5ef945d51) Importer(815301076,1909f56bfc062723c751e8b465ee728b)  -> (artifact id: '0650480023ad1b0ac9f2c6453bb72d4e') in 0.076238 seconds
  Import took 0.079236 seconds .

========================================================================
Received Import Request.
  Time since last request: 0.000145 seconds.
  path: Assets/Balls/Prefabs/Game prefabs/Ball/Normal_Ball.prefab
  artifactKey: Guid(791ba039841e87548a0f9f4ac527b5ea) Importer(815301076,1909f56bfc062723c751e8b465ee728b)
Start importing Assets/Balls/Prefabs/Game prefabs/Ball/Normal_Ball.prefab using Guid(791ba039841e87548a0f9f4ac527b5ea) Importer(815301076,1909f56bfc062723c751e8b465ee728b)  -> (artifact id: '48a862cc01424196b5ab3a01c64a7cfb') in 0.015463 seconds
  Import took 0.018033 seconds .

========================================================================
Received Import Request.
  Time since last request: 0.000187 seconds.
  path: Assets/Balls/Prefabs/Game prefabs/Ball/volley_ball_FBX.prefab
  artifactKey: Guid(4057ec78fa40433418f314fdefe0fb9a) Importer(815301076,1909f56bfc062723c751e8b465ee728b)
Start importing Assets/Balls/Prefabs/Game prefabs/Ball/volley_ball_FBX.prefab using Guid(4057ec78fa40433418f314fdefe0fb9a) Importer(815301076,1909f56bfc062723c751e8b465ee728b)  -> (artifact id: '08065a9a35525fb0474635fe1a0081d2') in 0.010518 seconds
  Import took 0.013645 seconds .

========================================================================
Received Import Request.
  Time since last request: 0.000162 seconds.
  path: Assets/Balls/Prefabs/Game prefabs/Ball/Love_Arrow.prefab
  artifactKey: Guid(d9de74b02a4a13b4885dbecd42cdf351) Importer(815301076,1909f56bfc062723c751e8b465ee728b)
Start importing Assets/Balls/Prefabs/Game prefabs/Ball/Love_Arrow.prefab using Guid(d9de74b02a4a13b4885dbecd42cdf351) Importer(815301076,1909f56bfc062723c751e8b465ee728b)  -> (artifact id: '6d6febeb87834fc7846b9d88f60175b1') in 0.009227 seconds
  Import took 0.012580 seconds .

========================================================================
Received Import Request.
  Time since last request: 0.001318 seconds.
  path: Assets/Balls/Prefabs/Game prefabs/Ball/Ball_Jupiter.prefab
  artifactKey: Guid(ebd65e867cbc96b41850ed93c70f29fb) Importer(815301076,1909f56bfc062723c751e8b465ee728b)
Start importing Assets/Balls/Prefabs/Game prefabs/Ball/Ball_Jupiter.prefab using Guid(ebd65e867cbc96b41850ed93c70f29fb) Importer(815301076,1909f56bfc062723c751e8b465ee728b)  -> (artifact id: '0ffc5990c4068d0734447c3cbe584f9f') in 0.015268 seconds
  Import took 0.018644 seconds .

========================================================================
Received Import Request.
  Time since last request: 0.000198 seconds.
  path: Assets/Balls/Prefabs/Game prefabs/Ball/Icosahedron.prefab
  artifactKey: Guid(faf6b8d3dfa5ed04199acd00fad6aea2) Importer(815301076,1909f56bfc062723c751e8b465ee728b)
Start importing Assets/Balls/Prefabs/Game prefabs/Ball/Icosahedron.prefab using Guid(faf6b8d3dfa5ed04199acd00fad6aea2) Importer(815301076,1909f56bfc062723c751e8b465ee728b)  -> (artifact id: '62ac286f17c0606dd038c8b5a16de68e') in 0.017040 seconds
  Import took 0.020179 seconds .

========================================================================
Received Import Request.
  Time since last request: 0.000165 seconds.
  path: Assets/Balls/Prefabs/Game prefabs/Ball/TENNIS_Ball.prefab
  artifactKey: Guid(c10a5fa81f3cbac4ba16708c70cd0eeb) Importer(815301076,1909f56bfc062723c751e8b465ee728b)
Start importing Assets/Balls/Prefabs/Game prefabs/Ball/TENNIS_Ball.prefab using Guid(c10a5fa81f3cbac4ba16708c70cd0eeb) Importer(815301076,1909f56bfc062723c751e8b465ee728b)  -> (artifact id: '003b2c73046c6d9927aaac227d089400') in 0.011377 seconds
  Import took 0.013829 seconds .

========================================================================
Received Import Request.
  Time since last request: 0.000149 seconds.
  path: Assets/Balls/Prefabs/Game prefabs/Ball/Yarn.prefab
  artifactKey: Guid(50e2485377135144882ddba90f727a6a) Importer(815301076,1909f56bfc062723c751e8b465ee728b)
Start importing Assets/Balls/Prefabs/Game prefabs/Ball/Yarn.prefab using Guid(50e2485377135144882ddba90f727a6a) Importer(815301076,1909f56bfc062723c751e8b465ee728b)  -> (artifact id: '3385ffae3d7fdf18d91d390927155846') in 0.014532 seconds
  Import took 0.017056 seconds .

========================================================================
Received Import Request.
  Time since last request: 0.000130 seconds.
  path: Assets/Balls/Prefabs/Game prefabs/Ball/soccerball.prefab
  artifactKey: Guid(7c6422a3d81ac5e48af890413bc7b78d) Importer(815301076,1909f56bfc062723c751e8b465ee728b)
Start importing Assets/Balls/Prefabs/Game prefabs/Ball/soccerball.prefab using Guid(7c6422a3d81ac5e48af890413bc7b78d) Importer(815301076,1909f56bfc062723c751e8b465ee728b)  -> (artifact id: 'c023e1ba137b74677ceddcdc7a1b08f1') in 0.017468 seconds
  Import took 0.020243 seconds .

========================================================================
Received Import Request.
  Time since last request: 0.000166 seconds.
  path: Assets/Balls/Prefabs/Game prefabs/Ball/Selfie Tennis.prefab
  artifactKey: Guid(025e99798e3925548bd10d7112a2f792) Importer(815301076,1909f56bfc062723c751e8b465ee728b)
Start importing Assets/Balls/Prefabs/Game prefabs/Ball/Selfie Tennis.prefab using Guid(025e99798e3925548bd10d7112a2f792) Importer(815301076,1909f56bfc062723c751e8b465ee728b)  -> (artifact id: '74028e3163f4aff2dab201ae02b6e3aa') in 0.012434 seconds
  Import took 0.015069 seconds .

========================================================================
Received Import Request.
  Time since last request: 0.000162 seconds.
  path: Assets/Balls/Prefabs/Game prefabs/Ball/Ball_Galaxy.prefab
  artifactKey: Guid(e4bca764ab3f4854184e0defe3eea509) Importer(815301076,1909f56bfc062723c751e8b465ee728b)
Start importing Assets/Balls/Prefabs/Game prefabs/Ball/Ball_Galaxy.prefab using Guid(e4bca764ab3f4854184e0defe3eea509) Importer(815301076,1909f56bfc062723c751e8b465ee728b)  -> (artifact id: '4ad6402a0393417c3f0f92a9ccda660e') in 0.011329 seconds
  Import took 0.014311 seconds .

========================================================================
Received Import Request.
  Time since last request: 0.000195 seconds.
  path: Assets/Balls/Prefabs/Game prefabs/Ball/Ball_Rainbow.prefab
  artifactKey: Guid(46ab26f111e911246881bb5983af2890) Importer(815301076,1909f56bfc062723c751e8b465ee728b)
Start importing Assets/Balls/Prefabs/Game prefabs/Ball/Ball_Rainbow.prefab using Guid(46ab26f111e911246881bb5983af2890) Importer(815301076,1909f56bfc062723c751e8b465ee728b)  -> (artifact id: 'ef5647e1af4fc11e677aa71b4452cba2') in 0.017929 seconds
  Import took 0.021062 seconds .

========================================================================
Received Import Request.
  Time since last request: 0.000167 seconds.
  path: Assets/Balls/Prefabs/Game prefabs/Ball/Basket_Ball.prefab
  artifactKey: Guid(060b82bbb9dfe7a4ab382089091f4b35) Importer(815301076,1909f56bfc062723c751e8b465ee728b)
Start importing Assets/Balls/Prefabs/Game prefabs/Ball/Basket_Ball.prefab using Guid(060b82bbb9dfe7a4ab382089091f4b35) Importer(815301076,1909f56bfc062723c751e8b465ee728b)  -> (artifact id: 'cf8eca9ecb9b23294b73707636df65ae') in 0.012404 seconds
  Import took 0.014905 seconds .

========================================================================
Received Import Request.
  Time since last request: 2.836305 seconds.
  path: Assets/Scenes/Arcade.unity
  artifactKey: Guid(9fc0d4010bbf28b4594072e72b8655ab) Importer(815301076,1909f56bfc062723c751e8b465ee728b)
Start importing Assets/Scenes/Arcade.unity using Guid(9fc0d4010bbf28b4594072e72b8655ab) Importer(815301076,1909f56bfc062723c751e8b465ee728b)  -> (artifact id: '192ae91bff529faf5be3f86151439fb0') in 0.006204 seconds
  Import took 0.009181 seconds .

========================================================================
Received Import Request.
  Time since last request: 2.234284 seconds.
  path: Assets/Scenes/Three Lives.unity
  artifactKey: Guid(1f058823520e3d64ba04edd59907f57f) Importer(815301076,1909f56bfc062723c751e8b465ee728b)
Start importing Assets/Scenes/Three Lives.unity using Guid(1f058823520e3d64ba04edd59907f57f) Importer(815301076,1909f56bfc062723c751e8b465ee728b)  -> (artifact id: 'da449f3540ede0a87362469c36bc2227') in 0.002380 seconds
  Import took 0.005249 seconds .

========================================================================
Received Import Request.
  Time since last request: 34.951644 seconds.
  path: Assets/Scenes/Main Menu.unity
  artifactKey: Guid(264ed997b8361c641a1faeaef043857b) Importer(815301076,1909f56bfc062723c751e8b465ee728b)
Start importing Assets/Scenes/Main Menu.unity using Guid(264ed997b8361c641a1faeaef043857b) Importer(815301076,1909f56bfc062723c751e8b465ee728b)  -> (artifact id: 'b0cca21161c50b9492bcef729e2fec42') in 0.005869 seconds
  Import took 0.008998 seconds .

========================================================================
Received Prepare
Registering precompiled user dll's ...
Registered in 0.001187 seconds.
Begin MonoManager ReloadAssembly
Native extension for WindowsStandalone target not found
Refreshing native plugins compatible for Editor in 0.90 ms, found 0 plugins.
Preloading 0 native plugins for Editor in 0.00 ms.
Invoked RoslynAnalysisRunner static constructor.
RoslynAnalysisRunner will not be running.
RoslynAnalysisRunner has terminated.
Mono: successfully reloaded assembly
- Completed reload, in  0.768 seconds
Platform modules already initialized, skipping
Refreshing native plugins compatible for Editor in 1.18 ms, found 0 plugins.
Preloading 0 native plugins for Editor in 0.00 ms.
Unloading 1622 Unused Serialized files (Serialized files now loaded: 0)
System memory in use before: 88.1 MB.
System memory in use after: 88.2 MB.

Unloading 22 unused Assets to reduce memory usage. Loaded Objects now: 2101.
Total: 1.719300 ms (FindLiveObjects: 0.240600 ms CreateObjectMapping: 0.035900 ms MarkObjects: 1.426200 ms  DeleteObjects: 0.015800 ms)

AssetImportWorkerClient::OnTransportError - code=2 error=End of file
