Using pre-set license
Built from '2020.2/release' branch; Version is '2020.2.1f1 (270dd8c3da1c) revision 2559448'; Using compiler version '192528614'; Build Type 'Release'
OS: 'Windows 10  (10.0.0) 64bit' Language: 'en' Physical Memory: 16333 MB
BatchMode: 1, IsHumanControllingUs: 0, StartBugReporterOnCrash: 0, Is64bit: 1, IsPro: 0

 COMMAND LINE ARGUMENTS:
C:\Program Files\Unity\Hub\Editor\2020.2.1f1\Editor\Unity.exe
-adb2
-batchMode
-noUpm
-name
AssetImportWorker0
-projectPath
F:/Projects/Client/BD/SuperCasino
-logFile
Logs/AssetImportWorker0.log
-srvPort
53679
Successfully changed project path to: F:/Projects/Client/BD/SuperCasino
F:/Projects/Client/BD/SuperCasino
Using Asset Import Pipeline V2.
Refreshing native plugins compatible for Editor in 31.63 ms, found 0 plugins.
Preloading 0 native plugins for Editor in 0.00 ms.
Initialize engine version: 2020.2.1f1 (270dd8c3da1c)
[Subsystems] Discovering subsystems at path C:/Program Files/Unity/Hub/Editor/2020.2.1f1/Editor/Data/Resources/UnitySubsystems
[Subsystems] Discovering subsystems at path F:/Projects/Client/BD/SuperCasino/Assets
GfxDevice: creating device client; threaded=0
Direct3D:
    Version:  Direct3D 11.0 [level 11.1]
    Renderer: NVIDIA GeForce RTX 2080 (ID=0x1e82)
    Vendor:   
    VRAM:     8010 MB
    Driver:   27.21.14.5638
Initialize mono
Mono path[0] = 'C:/Program Files/Unity/Hub/Editor/2020.2.1f1/Editor/Data/Managed'
Mono path[1] = 'C:/Program Files/Unity/Hub/Editor/2020.2.1f1/Editor/Data/MonoBleedingEdge/lib/mono/unityjit'
Mono config path = 'C:/Program Files/Unity/Hub/Editor/2020.2.1f1/Editor/Data/MonoBleedingEdge/etc'
Using monoOptions --debugger-agent=transport=dt_socket,embedding=1,server=y,suspend=n,address=127.0.0.1:56584
Begin MonoManager ReloadAssembly
Registering precompiled unity dll's ...
Register platform support module: C:/Program Files/Unity/Hub/Editor/2020.2.1f1/Editor/Data/PlaybackEngines/WindowsStandaloneSupport/UnityEditor.WindowsStandalone.Extensions.dll
Registered in 0.001253 seconds.
Native extension for WindowsStandalone target not found
Refreshing native plugins compatible for Editor in 29.64 ms, found 0 plugins.
Preloading 0 native plugins for Editor in 0.00 ms.
Invoked RoslynAnalysisRunner static constructor.
RoslynAnalysisRunner will not be running.
RoslynAnalysisRunner has terminated.
Mono: successfully reloaded assembly
- Completed reload, in  0.789 seconds
Platform modules already initialized, skipping
Registering precompiled user dll's ...
Registered in 0.000685 seconds.
Begin MonoManager ReloadAssembly
Native extension for WindowsStandalone target not found
Refreshing native plugins compatible for Editor in 29.79 ms, found 0 plugins.
Preloading 0 native plugins for Editor in 0.00 ms.
Invoked RoslynAnalysisRunner static constructor.
RoslynAnalysisRunner will not be running.
RoslynAnalysisRunner has terminated.
Mono: successfully reloaded assembly
- Completed reload, in  0.709 seconds
Platform modules already initialized, skipping
========================================================================
Worker process is ready to serve import requests
Launched and connected shader compiler UnityShaderCompiler.exe after 0.04 seconds
Refreshing native plugins compatible for Editor in 0.39 ms, found 0 plugins.
Preloading 0 native plugins for Editor in 0.00 ms.
Unloading 1496 Unused Serialized files (Serialized files now loaded: 0)
System memory in use before: 78.6 MB.
System memory in use after: 78.7 MB.

Unloading 9 unused Assets to reduce memory usage. Loaded Objects now: 1939.
Total: 1.745800 ms (FindLiveObjects: 0.215700 ms CreateObjectMapping: 0.038000 ms MarkObjects: 1.435800 ms  DeleteObjects: 0.055300 ms)

========================================================================
Received Import Request.
  path: Assets/512 px/1-25
  artifactKey: Guid(cf036048c524a554bacbf3ca8f7b3134) Importer(815301076,1909f56bfc062723c751e8b465ee728b)
Start importing Assets/512 px/1-25 using Guid(cf036048c524a554bacbf3ca8f7b3134) Importer(815301076,1909f56bfc062723c751e8b465ee728b)  -> (artifact id: '8b4ad0ee685d8e5e5a3b698ad4e66433') in 0.026308 seconds
  Import took 0.028875 seconds .

========================================================================
Received Import Request.
  Time since last request: 0.000199 seconds.
  path: Assets/512 px
  artifactKey: Guid(d40ec36dc7e2cc84cb6389ff9ba32a30) Importer(815301076,1909f56bfc062723c751e8b465ee728b)
Start importing Assets/512 px using Guid(d40ec36dc7e2cc84cb6389ff9ba32a30) Importer(815301076,1909f56bfc062723c751e8b465ee728b)  -> (artifact id: '05a4e644b773ccd551b67b0b5c7c6f7d') in 0.005295 seconds
  Import took 0.007709 seconds .

========================================================================
Received Import Request.
  Time since last request: 0.000212 seconds.
  path: Assets/512 px/1-25/bttn
  artifactKey: Guid(9d5e07b60ef12154c9d3a8914f75d2f0) Importer(815301076,1909f56bfc062723c751e8b465ee728b)
Start importing Assets/512 px/1-25/bttn using Guid(9d5e07b60ef12154c9d3a8914f75d2f0) Importer(815301076,1909f56bfc062723c751e8b465ee728b)  -> (artifact id: 'c4a42bb90d5ae327cfe617b32153fc5f') in 0.005987 seconds
  Import took 0.008422 seconds .

========================================================================
Received Import Request.
  Time since last request: 165.979658 seconds.
  path: Assets/Prefabs/ItemButton/CoinsPrefab.prefab
  artifactKey: Guid(9f38bc4bf4996b5409bdec6886dfc085) Importer(815301076,1909f56bfc062723c751e8b465ee728b)
Start importing Assets/Prefabs/ItemButton/CoinsPrefab.prefab using Guid(9f38bc4bf4996b5409bdec6886dfc085) Importer(815301076,1909f56bfc062723c751e8b465ee728b)  -> (artifact id: '196b171af7c7eefe26208ca348651ca5') in 0.087609 seconds
  Import took 0.090751 seconds .

========================================================================
Received Import Request.
  Time since last request: 21.808559 seconds.
  path: Assets/Prefabs/ItemButton/ProductButton.prefab
  artifactKey: Guid(3ea3db14212b58940b0a2e9a8d4b3263) Importer(815301076,1909f56bfc062723c751e8b465ee728b)
Start importing Assets/Prefabs/ItemButton/ProductButton.prefab using Guid(3ea3db14212b58940b0a2e9a8d4b3263) Importer(815301076,1909f56bfc062723c751e8b465ee728b)  -> (artifact id: '73f4d41ce492e5414f8e2eb04bf34172') in 0.008315 seconds
  Import took 0.010949 seconds .

========================================================================
Received Prepare
Registering precompiled user dll's ...
Registered in 0.000713 seconds.
Begin MonoManager ReloadAssembly
Native extension for WindowsStandalone target not found
Refreshing native plugins compatible for Editor in 0.39 ms, found 0 plugins.
Preloading 0 native plugins for Editor in 0.00 ms.
Invoked RoslynAnalysisRunner static constructor.
RoslynAnalysisRunner will not be running.
RoslynAnalysisRunner has terminated.
Mono: successfully reloaded assembly
- Completed reload, in  0.709 seconds
Platform modules already initialized, skipping
Refreshing native plugins compatible for Editor in 0.49 ms, found 0 plugins.
Preloading 0 native plugins for Editor in 0.00 ms.
Unloading 1470 Unused Serialized files (Serialized files now loaded: 0)
System memory in use before: 77.2 MB.
System memory in use after: 77.3 MB.

Unloading 4 unused Assets to reduce memory usage. Loaded Objects now: 1941.
Total: 2.911200 ms (FindLiveObjects: 0.345600 ms CreateObjectMapping: 0.051300 ms MarkObjects: 2.487400 ms  DeleteObjects: 0.025400 ms)

========================================================================
Received Prepare
Registering precompiled user dll's ...
Registered in 0.000516 seconds.
Begin MonoManager ReloadAssembly
Native extension for WindowsStandalone target not found
Refreshing native plugins compatible for Editor in 0.36 ms, found 0 plugins.
Preloading 0 native plugins for Editor in 0.00 ms.
Invoked RoslynAnalysisRunner static constructor.
RoslynAnalysisRunner will not be running.
RoslynAnalysisRunner has terminated.
Mono: successfully reloaded assembly
- Completed reload, in  0.647 seconds
Platform modules already initialized, skipping
Refreshing native plugins compatible for Editor in 0.39 ms, found 0 plugins.
Preloading 0 native plugins for Editor in 0.00 ms.
Unloading 1471 Unused Serialized files (Serialized files now loaded: 0)
System memory in use before: 77.5 MB.
System memory in use after: 77.6 MB.

Unloading 4 unused Assets to reduce memory usage. Loaded Objects now: 1943.
Total: 2.290500 ms (FindLiveObjects: 0.178200 ms CreateObjectMapping: 0.033500 ms MarkObjects: 2.061200 ms  DeleteObjects: 0.016500 ms)

========================================================================
Received Import Request.
  Time since last request: 177.177134 seconds.
  path: Assets/Scenes/Three Lives.unity
  artifactKey: Guid(1f058823520e3d64ba04edd59907f57f) Importer(815301076,1909f56bfc062723c751e8b465ee728b)
Start importing Assets/Scenes/Three Lives.unity using Guid(1f058823520e3d64ba04edd59907f57f) Importer(815301076,1909f56bfc062723c751e8b465ee728b)  -> (artifact id: '1d3803453f7fe4cd128a495b589e22ee') in 0.009896 seconds
  Import took 0.012363 seconds .

========================================================================
Received Prepare
Registering precompiled user dll's ...
Registered in 0.000600 seconds.
Begin MonoManager ReloadAssembly
Native extension for WindowsStandalone target not found
Refreshing native plugins compatible for Editor in 0.38 ms, found 0 plugins.
Preloading 0 native plugins for Editor in 0.00 ms.
Invoked RoslynAnalysisRunner static constructor.
RoslynAnalysisRunner will not be running.
RoslynAnalysisRunner has terminated.
Mono: successfully reloaded assembly
- Completed reload, in  0.659 seconds
Platform modules already initialized, skipping
Refreshing native plugins compatible for Editor in 0.37 ms, found 0 plugins.
Preloading 0 native plugins for Editor in 0.00 ms.
Unloading 1471 Unused Serialized files (Serialized files now loaded: 0)
System memory in use before: 77.6 MB.
System memory in use after: 77.7 MB.

Unloading 4 unused Assets to reduce memory usage. Loaded Objects now: 1945.
Total: 1.513300 ms (FindLiveObjects: 0.173600 ms CreateObjectMapping: 0.032400 ms MarkObjects: 1.295100 ms  DeleteObjects: 0.011300 ms)

========================================================================
Received Import Request.
  Time since last request: 907.408007 seconds.
  path: Assets/Scenes/Main Menu.unity
  artifactKey: Guid(264ed997b8361c641a1faeaef043857b) Importer(815301076,1909f56bfc062723c751e8b465ee728b)
Start importing Assets/Scenes/Main Menu.unity using Guid(264ed997b8361c641a1faeaef043857b) Importer(815301076,1909f56bfc062723c751e8b465ee728b)  -> (artifact id: '95b15d34b3fa2eefecb188ee13a1d615') in 0.014667 seconds
  Import took 0.017640 seconds .

========================================================================
Received Import Request.
  Time since last request: 118.187804 seconds.
  path: Assets/Scenes/Three Lives.unity
  artifactKey: Guid(1f058823520e3d64ba04edd59907f57f) Importer(815301076,1909f56bfc062723c751e8b465ee728b)
Start importing Assets/Scenes/Three Lives.unity using Guid(1f058823520e3d64ba04edd59907f57f) Importer(815301076,1909f56bfc062723c751e8b465ee728b)  -> (artifact id: 'ff0346f552aac738505a3a875bf76ae9') in 0.003186 seconds
  Import took 0.005838 seconds .

========================================================================
Received Prepare
Registering precompiled user dll's ...
Registered in 0.000669 seconds.
Begin MonoManager ReloadAssembly
Native extension for WindowsStandalone target not found
Refreshing native plugins compatible for Editor in 0.37 ms, found 0 plugins.
Preloading 0 native plugins for Editor in 0.00 ms.
Invoked RoslynAnalysisRunner static constructor.
RoslynAnalysisRunner will not be running.
RoslynAnalysisRunner has terminated.
Mono: successfully reloaded assembly
- Completed reload, in  0.661 seconds
Platform modules already initialized, skipping
Refreshing native plugins compatible for Editor in 0.37 ms, found 0 plugins.
Preloading 0 native plugins for Editor in 0.00 ms.
Unloading 1471 Unused Serialized files (Serialized files now loaded: 0)
System memory in use before: 78.1 MB.
System memory in use after: 78.2 MB.

Unloading 4 unused Assets to reduce memory usage. Loaded Objects now: 1947.
Total: 1.597100 ms (FindLiveObjects: 0.199900 ms CreateObjectMapping: 0.031100 ms MarkObjects: 1.354100 ms  DeleteObjects: 0.010900 ms)

========================================================================
Received Prepare
Registering precompiled user dll's ...
Registered in 0.000602 seconds.
Begin MonoManager ReloadAssembly
Native extension for WindowsStandalone target not found
Refreshing native plugins compatible for Editor in 0.37 ms, found 0 plugins.
Preloading 0 native plugins for Editor in 0.00 ms.
Invoked RoslynAnalysisRunner static constructor.
RoslynAnalysisRunner will not be running.
RoslynAnalysisRunner has terminated.
Mono: successfully reloaded assembly
- Completed reload, in  0.665 seconds
Platform modules already initialized, skipping
Refreshing native plugins compatible for Editor in 0.37 ms, found 0 plugins.
Preloading 0 native plugins for Editor in 0.00 ms.
Unloading 1471 Unused Serialized files (Serialized files now loaded: 0)
System memory in use before: 78.4 MB.
System memory in use after: 78.5 MB.

Unloading 4 unused Assets to reduce memory usage. Loaded Objects now: 1949.
Total: 1.570000 ms (FindLiveObjects: 0.187400 ms CreateObjectMapping: 0.034600 ms MarkObjects: 1.334300 ms  DeleteObjects: 0.012800 ms)

========================================================================
Received Prepare
Registering precompiled user dll's ...
Registered in 0.000522 seconds.
Begin MonoManager ReloadAssembly
Native extension for WindowsStandalone target not found
Refreshing native plugins compatible for Editor in 0.38 ms, found 0 plugins.
Preloading 0 native plugins for Editor in 0.00 ms.
Invoked RoslynAnalysisRunner static constructor.
RoslynAnalysisRunner will not be running.
RoslynAnalysisRunner has terminated.
Mono: successfully reloaded assembly
- Completed reload, in  0.669 seconds
Platform modules already initialized, skipping
Refreshing native plugins compatible for Editor in 0.36 ms, found 0 plugins.
Preloading 0 native plugins for Editor in 0.00 ms.
Unloading 1471 Unused Serialized files (Serialized files now loaded: 0)
System memory in use before: 78.6 MB.
System memory in use after: 78.8 MB.

Unloading 4 unused Assets to reduce memory usage. Loaded Objects now: 1951.
Total: 1.547900 ms (FindLiveObjects: 0.174100 ms CreateObjectMapping: 0.033200 ms MarkObjects: 1.328600 ms  DeleteObjects: 0.011200 ms)

========================================================================
Received Prepare
Registering precompiled user dll's ...
Registered in 0.000540 seconds.
Begin MonoManager ReloadAssembly
Native extension for WindowsStandalone target not found
Refreshing native plugins compatible for Editor in 0.38 ms, found 0 plugins.
Preloading 0 native plugins for Editor in 0.00 ms.
Invoked RoslynAnalysisRunner static constructor.
RoslynAnalysisRunner will not be running.
RoslynAnalysisRunner has terminated.
Mono: successfully reloaded assembly
- Completed reload, in  0.658 seconds
Platform modules already initialized, skipping
Refreshing native plugins compatible for Editor in 0.55 ms, found 0 plugins.
Preloading 0 native plugins for Editor in 0.00 ms.
Unloading 1471 Unused Serialized files (Serialized files now loaded: 0)
System memory in use before: 78.0 MB.
System memory in use after: 78.1 MB.

Unloading 4 unused Assets to reduce memory usage. Loaded Objects now: 1953.
Total: 1.902300 ms (FindLiveObjects: 0.185100 ms CreateObjectMapping: 0.037600 ms MarkObjects: 1.665100 ms  DeleteObjects: 0.013400 ms)

========================================================================
Received Prepare
Registering precompiled user dll's ...
Registered in 0.000569 seconds.
Begin MonoManager ReloadAssembly
Native extension for WindowsStandalone target not found
Refreshing native plugins compatible for Editor in 0.37 ms, found 0 plugins.
Preloading 0 native plugins for Editor in 0.00 ms.
Invoked RoslynAnalysisRunner static constructor.
RoslynAnalysisRunner will not be running.
RoslynAnalysisRunner has terminated.
Mono: successfully reloaded assembly
- Completed reload, in  0.679 seconds
Platform modules already initialized, skipping
Refreshing native plugins compatible for Editor in 0.41 ms, found 0 plugins.
Preloading 0 native plugins for Editor in 0.00 ms.
Unloading 1471 Unused Serialized files (Serialized files now loaded: 0)
System memory in use before: 78.3 MB.
System memory in use after: 78.4 MB.

Unloading 4 unused Assets to reduce memory usage. Loaded Objects now: 1955.
Total: 1.615400 ms (FindLiveObjects: 0.185100 ms CreateObjectMapping: 0.032200 ms MarkObjects: 1.385000 ms  DeleteObjects: 0.012200 ms)

========================================================================
Received Prepare
Registering precompiled user dll's ...
Registered in 0.000621 seconds.
Begin MonoManager ReloadAssembly
Native extension for WindowsStandalone target not found
Refreshing native plugins compatible for Editor in 0.37 ms, found 0 plugins.
Preloading 0 native plugins for Editor in 0.00 ms.
Invoked RoslynAnalysisRunner static constructor.
RoslynAnalysisRunner will not be running.
RoslynAnalysisRunner has terminated.
Mono: successfully reloaded assembly
- Completed reload, in  0.684 seconds
Platform modules already initialized, skipping
Refreshing native plugins compatible for Editor in 0.37 ms, found 0 plugins.
Preloading 0 native plugins for Editor in 0.00 ms.
Unloading 1471 Unused Serialized files (Serialized files now loaded: 0)
System memory in use before: 78.6 MB.
System memory in use after: 78.7 MB.

Unloading 4 unused Assets to reduce memory usage. Loaded Objects now: 1957.
Total: 1.533600 ms (FindLiveObjects: 0.174300 ms CreateObjectMapping: 0.031700 ms MarkObjects: 1.315900 ms  DeleteObjects: 0.010800 ms)

========================================================================
Received Prepare
Registering precompiled user dll's ...
Registered in 0.000661 seconds.
Begin MonoManager ReloadAssembly
Native extension for WindowsStandalone target not found
Refreshing native plugins compatible for Editor in 0.38 ms, found 0 plugins.
Preloading 0 native plugins for Editor in 0.00 ms.
Invoked RoslynAnalysisRunner static constructor.
RoslynAnalysisRunner will not be running.
RoslynAnalysisRunner has terminated.
Mono: successfully reloaded assembly
- Completed reload, in  0.685 seconds
Platform modules already initialized, skipping
Refreshing native plugins compatible for Editor in 0.37 ms, found 0 plugins.
Preloading 0 native plugins for Editor in 0.00 ms.
Unloading 1471 Unused Serialized files (Serialized files now loaded: 0)
System memory in use before: 78.7 MB.
System memory in use after: 78.8 MB.

Unloading 4 unused Assets to reduce memory usage. Loaded Objects now: 1959.
Total: 1.736400 ms (FindLiveObjects: 0.257200 ms CreateObjectMapping: 0.032800 ms MarkObjects: 1.429100 ms  DeleteObjects: 0.016300 ms)

========================================================================
Received Prepare
Registering precompiled user dll's ...
Registered in 0.000839 seconds.
Begin MonoManager ReloadAssembly
Native extension for WindowsStandalone target not found
Refreshing native plugins compatible for Editor in 0.40 ms, found 0 plugins.
Preloading 0 native plugins for Editor in 0.00 ms.
Invoked RoslynAnalysisRunner static constructor.
RoslynAnalysisRunner will not be running.
RoslynAnalysisRunner has terminated.
Mono: successfully reloaded assembly
- Completed reload, in  0.730 seconds
Platform modules already initialized, skipping
Refreshing native plugins compatible for Editor in 0.42 ms, found 0 plugins.
Preloading 0 native plugins for Editor in 0.00 ms.
Unloading 1471 Unused Serialized files (Serialized files now loaded: 0)
System memory in use before: 78.1 MB.
System memory in use after: 78.3 MB.

Unloading 4 unused Assets to reduce memory usage. Loaded Objects now: 1961.
Total: 1.994700 ms (FindLiveObjects: 0.225100 ms CreateObjectMapping: 0.032800 ms MarkObjects: 1.719800 ms  DeleteObjects: 0.016200 ms)

========================================================================
Received Prepare
Registering precompiled user dll's ...
Registered in 0.000687 seconds.
Begin MonoManager ReloadAssembly
Native extension for WindowsStandalone target not found
Refreshing native plugins compatible for Editor in 0.36 ms, found 0 plugins.
Preloading 0 native plugins for Editor in 0.00 ms.
Invoked RoslynAnalysisRunner static constructor.
RoslynAnalysisRunner will not be running.
RoslynAnalysisRunner has terminated.
Mono: successfully reloaded assembly
- Completed reload, in  0.684 seconds
Platform modules already initialized, skipping
Refreshing native plugins compatible for Editor in 0.36 ms, found 0 plugins.
Preloading 0 native plugins for Editor in 0.00 ms.
Unloading 1471 Unused Serialized files (Serialized files now loaded: 0)
System memory in use before: 78.4 MB.
System memory in use after: 78.5 MB.

Unloading 4 unused Assets to reduce memory usage. Loaded Objects now: 1963.
Total: 1.762300 ms (FindLiveObjects: 0.173200 ms CreateObjectMapping: 0.056100 ms MarkObjects: 1.518100 ms  DeleteObjects: 0.013900 ms)

========================================================================
Received Prepare
Registering precompiled user dll's ...
Registered in 0.000744 seconds.
Begin MonoManager ReloadAssembly
Native extension for WindowsStandalone target not found
Refreshing native plugins compatible for Editor in 0.39 ms, found 0 plugins.
Preloading 0 native plugins for Editor in 0.00 ms.
Invoked RoslynAnalysisRunner static constructor.
RoslynAnalysisRunner will not be running.
RoslynAnalysisRunner has terminated.
Mono: successfully reloaded assembly
- Completed reload, in  0.738 seconds
Platform modules already initialized, skipping
Refreshing native plugins compatible for Editor in 0.38 ms, found 0 plugins.
Preloading 0 native plugins for Editor in 0.00 ms.
Unloading 1471 Unused Serialized files (Serialized files now loaded: 0)
System memory in use before: 78.7 MB.
System memory in use after: 78.8 MB.

Unloading 4 unused Assets to reduce memory usage. Loaded Objects now: 1965.
Total: 1.847200 ms (FindLiveObjects: 0.208800 ms CreateObjectMapping: 0.032400 ms MarkObjects: 1.590400 ms  DeleteObjects: 0.014300 ms)

========================================================================
Received Prepare
Registering precompiled user dll's ...
Registered in 0.000643 seconds.
Begin MonoManager ReloadAssembly
Native extension for WindowsStandalone target not found
Refreshing native plugins compatible for Editor in 0.35 ms, found 0 plugins.
Preloading 0 native plugins for Editor in 0.00 ms.
Invoked RoslynAnalysisRunner static constructor.
RoslynAnalysisRunner will not be running.
RoslynAnalysisRunner has terminated.
Mono: successfully reloaded assembly
- Completed reload, in  0.697 seconds
Platform modules already initialized, skipping
Refreshing native plugins compatible for Editor in 0.37 ms, found 0 plugins.
Preloading 0 native plugins for Editor in 0.00 ms.
Unloading 1471 Unused Serialized files (Serialized files now loaded: 0)
System memory in use before: 78.0 MB.
System memory in use after: 78.1 MB.

Unloading 4 unused Assets to reduce memory usage. Loaded Objects now: 1967.
Total: 1.514000 ms (FindLiveObjects: 0.180400 ms CreateObjectMapping: 0.032500 ms MarkObjects: 1.289600 ms  DeleteObjects: 0.010600 ms)

========================================================================
Received Prepare
Registering precompiled user dll's ...
Registered in 0.000844 seconds.
Begin MonoManager ReloadAssembly
Native extension for WindowsStandalone target not found
Refreshing native plugins compatible for Editor in 0.38 ms, found 0 plugins.
Preloading 0 native plugins for Editor in 0.00 ms.
Invoked RoslynAnalysisRunner static constructor.
RoslynAnalysisRunner will not be running.
RoslynAnalysisRunner has terminated.
Mono: successfully reloaded assembly
- Completed reload, in  0.793 seconds
Platform modules already initialized, skipping
Refreshing native plugins compatible for Editor in 0.46 ms, found 0 plugins.
Preloading 0 native plugins for Editor in 0.00 ms.
Unloading 1471 Unused Serialized files (Serialized files now loaded: 0)
System memory in use before: 78.3 MB.
System memory in use after: 78.4 MB.

Unloading 4 unused Assets to reduce memory usage. Loaded Objects now: 1969.
Total: 1.783700 ms (FindLiveObjects: 0.236800 ms CreateObjectMapping: 0.034300 ms MarkObjects: 1.496800 ms  DeleteObjects: 0.014100 ms)

========================================================================
Received Prepare
Registering precompiled user dll's ...
Registered in 0.000587 seconds.
Begin MonoManager ReloadAssembly
Native extension for WindowsStandalone target not found
Refreshing native plugins compatible for Editor in 0.36 ms, found 0 plugins.
Preloading 0 native plugins for Editor in 0.00 ms.
Invoked RoslynAnalysisRunner static constructor.
RoslynAnalysisRunner will not be running.
RoslynAnalysisRunner has terminated.
Mono: successfully reloaded assembly
- Completed reload, in  0.701 seconds
Platform modules already initialized, skipping
Refreshing native plugins compatible for Editor in 0.37 ms, found 0 plugins.
Preloading 0 native plugins for Editor in 0.00 ms.
Unloading 1471 Unused Serialized files (Serialized files now loaded: 0)
System memory in use before: 78.6 MB.
System memory in use after: 78.7 MB.

Unloading 4 unused Assets to reduce memory usage. Loaded Objects now: 1971.
Total: 1.725600 ms (FindLiveObjects: 0.173700 ms CreateObjectMapping: 0.098200 ms MarkObjects: 1.437900 ms  DeleteObjects: 0.015100 ms)

========================================================================
Received Import Request.
  Time since last request: 1008.513007 seconds.
  path: Assets/Scenes/Three Lives.unity
  artifactKey: Guid(1f058823520e3d64ba04edd59907f57f) Importer(815301076,1909f56bfc062723c751e8b465ee728b)
Start importing Assets/Scenes/Three Lives.unity using Guid(1f058823520e3d64ba04edd59907f57f) Importer(815301076,1909f56bfc062723c751e8b465ee728b)  -> (artifact id: '29396d559ebd9c801b83275e0e93502d') in 0.013730 seconds
  Import took 0.016319 seconds .

========================================================================
Received Prepare
Registering precompiled user dll's ...
Registered in 0.000709 seconds.
Begin MonoManager ReloadAssembly
Native extension for WindowsStandalone target not found
Refreshing native plugins compatible for Editor in 0.41 ms, found 0 plugins.
Preloading 0 native plugins for Editor in 0.00 ms.
Invoked RoslynAnalysisRunner static constructor.
RoslynAnalysisRunner will not be running.
RoslynAnalysisRunner has terminated.
Mono: successfully reloaded assembly
- Completed reload, in  0.732 seconds
Platform modules already initialized, skipping
Refreshing native plugins compatible for Editor in 0.38 ms, found 0 plugins.
Preloading 0 native plugins for Editor in 0.00 ms.
Unloading 1471 Unused Serialized files (Serialized files now loaded: 0)
System memory in use before: 78.7 MB.
System memory in use after: 78.8 MB.

Unloading 4 unused Assets to reduce memory usage. Loaded Objects now: 1973.
Total: 1.645300 ms (FindLiveObjects: 0.169600 ms CreateObjectMapping: 0.033400 ms MarkObjects: 1.427000 ms  DeleteObjects: 0.014600 ms)

========================================================================
Received Prepare
Registering precompiled user dll's ...
Registered in 0.000695 seconds.
Begin MonoManager ReloadAssembly
Native extension for WindowsStandalone target not found
Refreshing native plugins compatible for Editor in 0.37 ms, found 0 plugins.
Preloading 0 native plugins for Editor in 0.00 ms.
Invoked RoslynAnalysisRunner static constructor.
RoslynAnalysisRunner will not be running.
RoslynAnalysisRunner has terminated.
Mono: successfully reloaded assembly
- Completed reload, in  0.712 seconds
Platform modules already initialized, skipping
Refreshing native plugins compatible for Editor in 0.36 ms, found 0 plugins.
Preloading 0 native plugins for Editor in 0.00 ms.
Unloading 1471 Unused Serialized files (Serialized files now loaded: 0)
System memory in use before: 78.2 MB.
System memory in use after: 78.3 MB.

Unloading 4 unused Assets to reduce memory usage. Loaded Objects now: 1975.
Total: 2.052600 ms (FindLiveObjects: 0.211900 ms CreateObjectMapping: 0.050200 ms MarkObjects: 1.773300 ms  DeleteObjects: 0.015800 ms)

========================================================================
Received Import Request.
  Time since last request: 4157.527660 seconds.
  path: Assets/Scenes/Three Lives.unity
  artifactKey: Guid(1f058823520e3d64ba04edd59907f57f) Importer(815301076,1909f56bfc062723c751e8b465ee728b)
Start importing Assets/Scenes/Three Lives.unity using Guid(1f058823520e3d64ba04edd59907f57f) Importer(815301076,1909f56bfc062723c751e8b465ee728b)  -> (artifact id: 'df81afeeecfd30c129b430bae1ba92de') in 0.012573 seconds
  Import took 0.015101 seconds .

========================================================================
Received Import Request.
  Time since last request: 20.901506 seconds.
  path: Assets/Scenes/Main Menu.unity
  artifactKey: Guid(264ed997b8361c641a1faeaef043857b) Importer(815301076,1909f56bfc062723c751e8b465ee728b)
Start importing Assets/Scenes/Main Menu.unity using Guid(264ed997b8361c641a1faeaef043857b) Importer(815301076,1909f56bfc062723c751e8b465ee728b)  -> (artifact id: '1b0ca6483704cc02e6f86967320827d8') in 0.002471 seconds
  Import took 0.004968 seconds .

========================================================================
Received Import Request.
  Time since last request: 1.230073 seconds.
  path: Assets/Scenes/Main Menu.unity
  artifactKey: Guid(264ed997b8361c641a1faeaef043857b) Importer(815301076,1909f56bfc062723c751e8b465ee728b)
Start importing Assets/Scenes/Main Menu.unity using Guid(264ed997b8361c641a1faeaef043857b) Importer(815301076,1909f56bfc062723c751e8b465ee728b)  -> (artifact id: '1b0ca6483704cc02e6f86967320827d8') in 0.002196 seconds
  Import took 0.004620 seconds .

========================================================================
Received Prepare
Registering precompiled user dll's ...
Registered in 0.000590 seconds.
Begin MonoManager ReloadAssembly
Native extension for WindowsStandalone target not found
Refreshing native plugins compatible for Editor in 0.38 ms, found 0 plugins.
Preloading 0 native plugins for Editor in 0.00 ms.
Invoked RoslynAnalysisRunner static constructor.
RoslynAnalysisRunner will not be running.
RoslynAnalysisRunner has terminated.
Mono: successfully reloaded assembly
- Completed reload, in  0.723 seconds
Platform modules already initialized, skipping
Refreshing native plugins compatible for Editor in 0.39 ms, found 0 plugins.
Preloading 0 native plugins for Editor in 0.00 ms.
Unloading 1471 Unused Serialized files (Serialized files now loaded: 0)
System memory in use before: 78.5 MB.
System memory in use after: 78.6 MB.

Unloading 4 unused Assets to reduce memory usage. Loaded Objects now: 1977.
Total: 1.879700 ms (FindLiveObjects: 0.305800 ms CreateObjectMapping: 0.047700 ms MarkObjects: 1.511100 ms  DeleteObjects: 0.013400 ms)

========================================================================
Received Prepare
Registering precompiled user dll's ...
Registered in 0.000636 seconds.
Begin MonoManager ReloadAssembly
Native extension for WindowsStandalone target not found
Refreshing native plugins compatible for Editor in 0.37 ms, found 0 plugins.
Preloading 0 native plugins for Editor in 0.00 ms.
Invoked RoslynAnalysisRunner static constructor.
RoslynAnalysisRunner will not be running.
RoslynAnalysisRunner has terminated.
Mono: successfully reloaded assembly
- Completed reload, in  0.728 seconds
Platform modules already initialized, skipping
Refreshing native plugins compatible for Editor in 0.38 ms, found 0 plugins.
Preloading 0 native plugins for Editor in 0.00 ms.
Unloading 1471 Unused Serialized files (Serialized files now loaded: 0)
System memory in use before: 78.7 MB.
System memory in use after: 78.8 MB.

Unloading 4 unused Assets to reduce memory usage. Loaded Objects now: 1979.
Total: 1.605900 ms (FindLiveObjects: 0.178400 ms CreateObjectMapping: 0.032300 ms MarkObjects: 1.381100 ms  DeleteObjects: 0.013400 ms)

========================================================================
Received Prepare
Registering precompiled user dll's ...
Registered in 0.000787 seconds.
Begin MonoManager ReloadAssembly
Native extension for WindowsStandalone target not found
Refreshing native plugins compatible for Editor in 0.39 ms, found 0 plugins.
Preloading 0 native plugins for Editor in 0.00 ms.
Invoked RoslynAnalysisRunner static constructor.
RoslynAnalysisRunner will not be running.
RoslynAnalysisRunner has terminated.
Mono: successfully reloaded assembly
- Completed reload, in  0.786 seconds
Platform modules already initialized, skipping
Refreshing native plugins compatible for Editor in 0.49 ms, found 0 plugins.
Preloading 0 native plugins for Editor in 0.00 ms.
Unloading 1471 Unused Serialized files (Serialized files now loaded: 0)
System memory in use before: 78.0 MB.
System memory in use after: 78.1 MB.

Unloading 4 unused Assets to reduce memory usage. Loaded Objects now: 1981.
Total: 1.802600 ms (FindLiveObjects: 0.252200 ms CreateObjectMapping: 0.035300 ms MarkObjects: 1.496800 ms  DeleteObjects: 0.016700 ms)

========================================================================
Received Prepare
Registering precompiled user dll's ...
Registered in 0.000620 seconds.
Begin MonoManager ReloadAssembly
Native extension for WindowsStandalone target not found
Refreshing native plugins compatible for Editor in 0.38 ms, found 0 plugins.
Preloading 0 native plugins for Editor in 0.00 ms.
Invoked RoslynAnalysisRunner static constructor.
RoslynAnalysisRunner will not be running.
RoslynAnalysisRunner has terminated.
Mono: successfully reloaded assembly
- Completed reload, in  0.736 seconds
Platform modules already initialized, skipping
Refreshing native plugins compatible for Editor in 0.40 ms, found 0 plugins.
Preloading 0 native plugins for Editor in 0.00 ms.
Unloading 1471 Unused Serialized files (Serialized files now loaded: 0)
System memory in use before: 78.3 MB.
System memory in use after: 78.4 MB.

Unloading 4 unused Assets to reduce memory usage. Loaded Objects now: 1983.
Total: 1.708000 ms (FindLiveObjects: 0.180200 ms CreateObjectMapping: 0.032800 ms MarkObjects: 1.479200 ms  DeleteObjects: 0.015100 ms)

========================================================================
Received Prepare
Registering precompiled user dll's ...
Registered in 0.000605 seconds.
Begin MonoManager ReloadAssembly
Native extension for WindowsStandalone target not found
Refreshing native plugins compatible for Editor in 0.37 ms, found 0 plugins.
Preloading 0 native plugins for Editor in 0.00 ms.
Invoked RoslynAnalysisRunner static constructor.
RoslynAnalysisRunner will not be running.
RoslynAnalysisRunner has terminated.
Mono: successfully reloaded assembly
- Completed reload, in  0.743 seconds
Platform modules already initialized, skipping
Refreshing native plugins compatible for Editor in 0.38 ms, found 0 plugins.
Preloading 0 native plugins for Editor in 0.00 ms.
Unloading 1471 Unused Serialized files (Serialized files now loaded: 0)
System memory in use before: 78.6 MB.
System memory in use after: 78.7 MB.

Unloading 4 unused Assets to reduce memory usage. Loaded Objects now: 1985.
Total: 1.542800 ms (FindLiveObjects: 0.177300 ms CreateObjectMapping: 0.031500 ms MarkObjects: 1.321900 ms  DeleteObjects: 0.011100 ms)

========================================================================
Received Prepare
Registering precompiled user dll's ...
Registered in 0.000611 seconds.
Begin MonoManager ReloadAssembly
Native extension for WindowsStandalone target not found
Refreshing native plugins compatible for Editor in 0.42 ms, found 0 plugins.
Preloading 0 native plugins for Editor in 0.00 ms.
Invoked RoslynAnalysisRunner static constructor.
RoslynAnalysisRunner will not be running.
RoslynAnalysisRunner has terminated.
Mono: successfully reloaded assembly
- Completed reload, in  0.746 seconds
Platform modules already initialized, skipping
Refreshing native plugins compatible for Editor in 0.37 ms, found 0 plugins.
Preloading 0 native plugins for Editor in 0.00 ms.
Unloading 1471 Unused Serialized files (Serialized files now loaded: 0)
System memory in use before: 78.7 MB.
System memory in use after: 78.8 MB.

Unloading 4 unused Assets to reduce memory usage. Loaded Objects now: 1987.
Total: 1.600400 ms (FindLiveObjects: 0.199100 ms CreateObjectMapping: 0.034400 ms MarkObjects: 1.353300 ms  DeleteObjects: 0.012800 ms)

========================================================================
Received Prepare
Registering precompiled user dll's ...
Registered in 0.000717 seconds.
Begin MonoManager ReloadAssembly
Native extension for WindowsStandalone target not found
Refreshing native plugins compatible for Editor in 0.39 ms, found 0 plugins.
Preloading 0 native plugins for Editor in 0.00 ms.
Invoked RoslynAnalysisRunner static constructor.
RoslynAnalysisRunner will not be running.
RoslynAnalysisRunner has terminated.
Mono: successfully reloaded assembly
- Completed reload, in  0.807 seconds
Platform modules already initialized, skipping
Refreshing native plugins compatible for Editor in 0.40 ms, found 0 plugins.
Preloading 0 native plugins for Editor in 0.00 ms.
Unloading 1471 Unused Serialized files (Serialized files now loaded: 0)
System memory in use before: 78.2 MB.
System memory in use after: 78.3 MB.

Unloading 4 unused Assets to reduce memory usage. Loaded Objects now: 1989.
Total: 1.879500 ms (FindLiveObjects: 0.225700 ms CreateObjectMapping: 0.033300 ms MarkObjects: 1.605400 ms  DeleteObjects: 0.014300 ms)

========================================================================
Received Prepare
Registering precompiled user dll's ...
Registered in 0.000600 seconds.
Begin MonoManager ReloadAssembly
Native extension for WindowsStandalone target not found
Refreshing native plugins compatible for Editor in 0.37 ms, found 0 plugins.
Preloading 0 native plugins for Editor in 0.00 ms.
Invoked RoslynAnalysisRunner static constructor.
RoslynAnalysisRunner will not be running.
RoslynAnalysisRunner has terminated.
Mono: successfully reloaded assembly
- Completed reload, in  0.739 seconds
Platform modules already initialized, skipping
Refreshing native plugins compatible for Editor in 0.49 ms, found 0 plugins.
Preloading 0 native plugins for Editor in 0.00 ms.
Unloading 1471 Unused Serialized files (Serialized files now loaded: 0)
System memory in use before: 78.5 MB.
System memory in use after: 78.6 MB.

Unloading 4 unused Assets to reduce memory usage. Loaded Objects now: 1991.
Total: 1.600300 ms (FindLiveObjects: 0.181900 ms CreateObjectMapping: 0.038600 ms MarkObjects: 1.367500 ms  DeleteObjects: 0.011600 ms)

========================================================================
Received Import Request.
  Time since last request: 292.024055 seconds.
  path: Assets/Scenes/Three Lives.unity
  artifactKey: Guid(1f058823520e3d64ba04edd59907f57f) Importer(815301076,1909f56bfc062723c751e8b465ee728b)
Start importing Assets/Scenes/Three Lives.unity using Guid(1f058823520e3d64ba04edd59907f57f) Importer(815301076,1909f56bfc062723c751e8b465ee728b)  -> (artifact id: '67eea184cdea4f6c57177df97b98ac91') in 0.009657 seconds
  Import took 0.012213 seconds .

========================================================================
Received Import Request.
  Time since last request: 0.000240 seconds.
  path: Assets/Scenes/Three Lives.unity
  artifactKey: Guid(1f058823520e3d64ba04edd59907f57f) Importer(815301076,1909f56bfc062723c751e8b465ee728b)
Start importing Assets/Scenes/Three Lives.unity using Guid(1f058823520e3d64ba04edd59907f57f) Importer(815301076,1909f56bfc062723c751e8b465ee728b)  -> (artifact id: '67eea184cdea4f6c57177df97b98ac91') in 0.001991 seconds
  Import took 0.004221 seconds .

========================================================================
Received Prepare
Registering precompiled user dll's ...
Registered in 0.000704 seconds.
Begin MonoManager ReloadAssembly
Native extension for WindowsStandalone target not found
Refreshing native plugins compatible for Editor in 0.36 ms, found 0 plugins.
Preloading 0 native plugins for Editor in 0.00 ms.
Invoked RoslynAnalysisRunner static constructor.
RoslynAnalysisRunner will not be running.
RoslynAnalysisRunner has terminated.
Mono: successfully reloaded assembly
- Completed reload, in  0.760 seconds
Platform modules already initialized, skipping
Refreshing native plugins compatible for Editor in 0.37 ms, found 0 plugins.
Preloading 0 native plugins for Editor in 0.00 ms.
Unloading 1471 Unused Serialized files (Serialized files now loaded: 0)
System memory in use before: 78.8 MB.
System memory in use after: 78.9 MB.

Unloading 4 unused Assets to reduce memory usage. Loaded Objects now: 1993.
Total: 1.511800 ms (FindLiveObjects: 0.170900 ms CreateObjectMapping: 0.031900 ms MarkObjects: 1.297300 ms  DeleteObjects: 0.010600 ms)

========================================================================
Received Prepare
Registering precompiled user dll's ...
Registered in 0.000669 seconds.
Begin MonoManager ReloadAssembly
Native extension for WindowsStandalone target not found
Refreshing native plugins compatible for Editor in 0.35 ms, found 0 plugins.
Preloading 0 native plugins for Editor in 0.00 ms.
Invoked RoslynAnalysisRunner static constructor.
RoslynAnalysisRunner will not be running.
RoslynAnalysisRunner has terminated.
Mono: successfully reloaded assembly
- Completed reload, in  0.752 seconds
Platform modules already initialized, skipping
Refreshing native plugins compatible for Editor in 0.38 ms, found 0 plugins.
Preloading 0 native plugins for Editor in 0.00 ms.
Unloading 1471 Unused Serialized files (Serialized files now loaded: 0)
System memory in use before: 78.0 MB.
System memory in use after: 78.2 MB.

Unloading 4 unused Assets to reduce memory usage. Loaded Objects now: 1995.
Total: 1.761800 ms (FindLiveObjects: 0.175400 ms CreateObjectMapping: 0.035600 ms MarkObjects: 1.536700 ms  DeleteObjects: 0.013300 ms)

========================================================================
Received Prepare
Registering precompiled user dll's ...
Registered in 0.000603 seconds.
Begin MonoManager ReloadAssembly
Native extension for WindowsStandalone target not found
Refreshing native plugins compatible for Editor in 0.36 ms, found 0 plugins.
Preloading 0 native plugins for Editor in 0.00 ms.
Invoked RoslynAnalysisRunner static constructor.
RoslynAnalysisRunner will not be running.
RoslynAnalysisRunner has terminated.
Mono: successfully reloaded assembly
- Completed reload, in  0.759 seconds
Platform modules already initialized, skipping
Refreshing native plugins compatible for Editor in 0.37 ms, found 0 plugins.
Preloading 0 native plugins for Editor in 0.00 ms.
Unloading 1471 Unused Serialized files (Serialized files now loaded: 0)
System memory in use before: 78.3 MB.
System memory in use after: 78.4 MB.

Unloading 4 unused Assets to reduce memory usage. Loaded Objects now: 1997.
Total: 1.910600 ms (FindLiveObjects: 0.176000 ms CreateObjectMapping: 0.031700 ms MarkObjects: 1.685900 ms  DeleteObjects: 0.015700 ms)

========================================================================
Received Import Request.
  Time since last request: 674.614897 seconds.
  path: Assets/Scenes/Three Lives.unity
  artifactKey: Guid(1f058823520e3d64ba04edd59907f57f) Importer(815301076,1909f56bfc062723c751e8b465ee728b)
Start importing Assets/Scenes/Three Lives.unity using Guid(1f058823520e3d64ba04edd59907f57f) Importer(815301076,1909f56bfc062723c751e8b465ee728b)  -> (artifact id: 'e98b9a27854bf80b81f26e0e50f6eff2') in 0.010032 seconds
  Import took 0.012641 seconds .

========================================================================
Received Import Request.
  Time since last request: 21.739816 seconds.
  path: Assets/Scenes/Three Lives.unity
  artifactKey: Guid(1f058823520e3d64ba04edd59907f57f) Importer(815301076,1909f56bfc062723c751e8b465ee728b)
Start importing Assets/Scenes/Three Lives.unity using Guid(1f058823520e3d64ba04edd59907f57f) Importer(815301076,1909f56bfc062723c751e8b465ee728b)  -> (artifact id: '406fdb6e3791be8807e2b5b4b6fc97ff') in 0.002323 seconds
  Import took 0.004950 seconds .

========================================================================
Received Import Request.
  Time since last request: 0.001437 seconds.
  path: Assets/Scenes/Three Lives.unity
  artifactKey: Guid(1f058823520e3d64ba04edd59907f57f) Importer(815301076,1909f56bfc062723c751e8b465ee728b)
Start importing Assets/Scenes/Three Lives.unity using Guid(1f058823520e3d64ba04edd59907f57f) Importer(815301076,1909f56bfc062723c751e8b465ee728b)  -> (artifact id: '406fdb6e3791be8807e2b5b4b6fc97ff') in 0.002092 seconds
  Import took 0.004257 seconds .

========================================================================
Received Prepare
Registering precompiled user dll's ...
Registered in 0.000632 seconds.
Begin MonoManager ReloadAssembly
Native extension for WindowsStandalone target not found
Refreshing native plugins compatible for Editor in 0.36 ms, found 0 plugins.
Preloading 0 native plugins for Editor in 0.00 ms.
Invoked RoslynAnalysisRunner static constructor.
RoslynAnalysisRunner will not be running.
RoslynAnalysisRunner has terminated.
Mono: successfully reloaded assembly
- Completed reload, in  0.768 seconds
Platform modules already initialized, skipping
Refreshing native plugins compatible for Editor in 0.37 ms, found 0 plugins.
Preloading 0 native plugins for Editor in 0.00 ms.
Unloading 1471 Unused Serialized files (Serialized files now loaded: 0)
System memory in use before: 78.6 MB.
System memory in use after: 78.7 MB.

Unloading 4 unused Assets to reduce memory usage. Loaded Objects now: 1999.
Total: 1.905200 ms (FindLiveObjects: 0.263300 ms CreateObjectMapping: 0.035300 ms MarkObjects: 1.584700 ms  DeleteObjects: 0.019900 ms)

========================================================================
Received Prepare
Registering precompiled user dll's ...
Registered in 0.000590 seconds.
Begin MonoManager ReloadAssembly
Native extension for WindowsStandalone target not found
Refreshing native plugins compatible for Editor in 0.39 ms, found 0 plugins.
Preloading 0 native plugins for Editor in 0.00 ms.
Invoked RoslynAnalysisRunner static constructor.
RoslynAnalysisRunner will not be running.
RoslynAnalysisRunner has terminated.
Mono: successfully reloaded assembly
- Completed reload, in  0.784 seconds
Platform modules already initialized, skipping
Refreshing native plugins compatible for Editor in 0.47 ms, found 0 plugins.
Preloading 0 native plugins for Editor in 0.00 ms.
Unloading 1471 Unused Serialized files (Serialized files now loaded: 0)
System memory in use before: 78.8 MB.
System memory in use after: 78.9 MB.

Unloading 4 unused Assets to reduce memory usage. Loaded Objects now: 2001.
Total: 1.788600 ms (FindLiveObjects: 0.182900 ms CreateObjectMapping: 0.033700 ms MarkObjects: 1.553900 ms  DeleteObjects: 0.017300 ms)

========================================================================
Received Prepare
Registering precompiled user dll's ...
Registered in 0.000597 seconds.
Begin MonoManager ReloadAssembly
Native extension for WindowsStandalone target not found
Refreshing native plugins compatible for Editor in 0.36 ms, found 0 plugins.
Preloading 0 native plugins for Editor in 0.00 ms.
Invoked RoslynAnalysisRunner static constructor.
RoslynAnalysisRunner will not be running.
RoslynAnalysisRunner has terminated.
Mono: successfully reloaded assembly
- Completed reload, in  0.776 seconds
Platform modules already initialized, skipping
Refreshing native plugins compatible for Editor in 0.41 ms, found 0 plugins.
Preloading 0 native plugins for Editor in 0.00 ms.
Unloading 1471 Unused Serialized files (Serialized files now loaded: 0)
System memory in use before: 78.2 MB.
System memory in use after: 78.3 MB.

Unloading 4 unused Assets to reduce memory usage. Loaded Objects now: 2003.
Total: 1.607800 ms (FindLiveObjects: 0.234400 ms CreateObjectMapping: 0.033500 ms MarkObjects: 1.326700 ms  DeleteObjects: 0.012400 ms)

========================================================================
Received Prepare
Registering precompiled user dll's ...
Registered in 0.000585 seconds.
Begin MonoManager ReloadAssembly
Native extension for WindowsStandalone target not found
Refreshing native plugins compatible for Editor in 0.37 ms, found 0 plugins.
Preloading 0 native plugins for Editor in 0.00 ms.
Invoked RoslynAnalysisRunner static constructor.
RoslynAnalysisRunner will not be running.
RoslynAnalysisRunner has terminated.
Mono: successfully reloaded assembly
- Completed reload, in  0.783 seconds
Platform modules already initialized, skipping
Refreshing native plugins compatible for Editor in 0.36 ms, found 0 plugins.
Preloading 0 native plugins for Editor in 0.00 ms.
Unloading 1471 Unused Serialized files (Serialized files now loaded: 0)
System memory in use before: 78.5 MB.
System memory in use after: 78.6 MB.

Unloading 4 unused Assets to reduce memory usage. Loaded Objects now: 2005.
Total: 1.609000 ms (FindLiveObjects: 0.203600 ms CreateObjectMapping: 0.031500 ms MarkObjects: 1.351900 ms  DeleteObjects: 0.021100 ms)

========================================================================
Received Import Request.
  Time since last request: 316.509689 seconds.
  path: Assets/Scenes/Arcade.unity
  artifactKey: Guid(9fc0d4010bbf28b4594072e72b8655ab) Importer(815301076,1909f56bfc062723c751e8b465ee728b)
Start importing Assets/Scenes/Arcade.unity using Guid(9fc0d4010bbf28b4594072e72b8655ab) Importer(815301076,1909f56bfc062723c751e8b465ee728b)  -> (artifact id: '05db04ffaf90657ffe2db3a386627767') in 0.032468 seconds
  Import took 0.035074 seconds .

========================================================================
Received Import Request.
  Time since last request: 7.159328 seconds.
  path: Assets/Scenes/Three Lives.unity
  artifactKey: Guid(1f058823520e3d64ba04edd59907f57f) Importer(815301076,1909f56bfc062723c751e8b465ee728b)
Start importing Assets/Scenes/Three Lives.unity using Guid(1f058823520e3d64ba04edd59907f57f) Importer(815301076,1909f56bfc062723c751e8b465ee728b)  -> (artifact id: 'ca6da3b06c7b00278835cd45e8a77e92') in 0.002349 seconds
  Import took 0.004825 seconds .

========================================================================
Received Import Request.
  Time since last request: 90.790066 seconds.
  path: Assets/Scenes/Three Lives.unity
  artifactKey: Guid(1f058823520e3d64ba04edd59907f57f) Importer(815301076,1909f56bfc062723c751e8b465ee728b)
Start importing Assets/Scenes/Three Lives.unity using Guid(1f058823520e3d64ba04edd59907f57f) Importer(815301076,1909f56bfc062723c751e8b465ee728b)  -> (artifact id: 'a7c43bd25e0589ab036769ee93f4b603') in 0.002400 seconds
  Import took 0.004849 seconds .

========================================================================
Received Import Request.
  Time since last request: 0.002497 seconds.
  path: Assets/Scenes/Three Lives.unity
  artifactKey: Guid(1f058823520e3d64ba04edd59907f57f) Importer(815301076,1909f56bfc062723c751e8b465ee728b)
Start importing Assets/Scenes/Three Lives.unity using Guid(1f058823520e3d64ba04edd59907f57f) Importer(815301076,1909f56bfc062723c751e8b465ee728b)  -> (artifact id: 'a7c43bd25e0589ab036769ee93f4b603') in 0.002012 seconds
  Import took 0.004060 seconds .

========================================================================
Received Prepare
Registering precompiled user dll's ...
Registered in 0.000580 seconds.
Begin MonoManager ReloadAssembly
Native extension for WindowsStandalone target not found
Refreshing native plugins compatible for Editor in 0.37 ms, found 0 plugins.
Preloading 0 native plugins for Editor in 0.00 ms.
Invoked RoslynAnalysisRunner static constructor.
RoslynAnalysisRunner will not be running.
RoslynAnalysisRunner has terminated.
Mono: successfully reloaded assembly
- Completed reload, in  0.786 seconds
Platform modules already initialized, skipping
Refreshing native plugins compatible for Editor in 0.40 ms, found 0 plugins.
Preloading 0 native plugins for Editor in 0.00 ms.
Unloading 1471 Unused Serialized files (Serialized files now loaded: 0)
System memory in use before: 78.8 MB.
System memory in use after: 78.9 MB.

Unloading 4 unused Assets to reduce memory usage. Loaded Objects now: 2007.
Total: 1.595400 ms (FindLiveObjects: 0.200300 ms CreateObjectMapping: 0.036000 ms MarkObjects: 1.346900 ms  DeleteObjects: 0.011400 ms)

========================================================================
Received Prepare
Registering precompiled user dll's ...
Registered in 0.000584 seconds.
Begin MonoManager ReloadAssembly
Native extension for WindowsStandalone target not found
Refreshing native plugins compatible for Editor in 0.36 ms, found 0 plugins.
Preloading 0 native plugins for Editor in 0.00 ms.
Invoked RoslynAnalysisRunner static constructor.
RoslynAnalysisRunner will not be running.
RoslynAnalysisRunner has terminated.
Mono: successfully reloaded assembly
- Completed reload, in  0.802 seconds
Platform modules already initialized, skipping
Refreshing native plugins compatible for Editor in 0.38 ms, found 0 plugins.
Preloading 0 native plugins for Editor in 0.00 ms.
Unloading 1471 Unused Serialized files (Serialized files now loaded: 0)
System memory in use before: 78.8 MB.
System memory in use after: 78.9 MB.

Unloading 4 unused Assets to reduce memory usage. Loaded Objects now: 2009.
Total: 1.575800 ms (FindLiveObjects: 0.186800 ms CreateObjectMapping: 0.031900 ms MarkObjects: 1.343500 ms  DeleteObjects: 0.012600 ms)

========================================================================
Received Prepare
Registering precompiled user dll's ...
Registered in 0.000734 seconds.
Begin MonoManager ReloadAssembly
Native extension for WindowsStandalone target not found
Refreshing native plugins compatible for Editor in 0.45 ms, found 0 plugins.
Preloading 0 native plugins for Editor in 0.00 ms.
Invoked RoslynAnalysisRunner static constructor.
RoslynAnalysisRunner will not be running.
RoslynAnalysisRunner has terminated.
Mono: successfully reloaded assembly
- Completed reload, in  0.880 seconds
Platform modules already initialized, skipping
Refreshing native plugins compatible for Editor in 0.39 ms, found 0 plugins.
Preloading 0 native plugins for Editor in 0.00 ms.
Unloading 1471 Unused Serialized files (Serialized files now loaded: 0)
System memory in use before: 78.3 MB.
System memory in use after: 78.5 MB.

Unloading 4 unused Assets to reduce memory usage. Loaded Objects now: 2011.
Total: 2.036000 ms (FindLiveObjects: 0.218900 ms CreateObjectMapping: 0.036100 ms MarkObjects: 1.765200 ms  DeleteObjects: 0.014200 ms)

========================================================================
Received Import Request.
  Time since last request: 311.409624 seconds.
  path: Assets/Prefabs/Broken Plate.prefab
  artifactKey: Guid(4081fcc4aa069204981bfced058b7bb5) Importer(815301076,1909f56bfc062723c751e8b465ee728b)
Start importing Assets/Prefabs/Broken Plate.prefab using Guid(4081fcc4aa069204981bfced058b7bb5) Importer(815301076,1909f56bfc062723c751e8b465ee728b)  -> (artifact id: '483bad2f52005090b871a233eccbdb19') in 0.106568 seconds
  Import took 0.109513 seconds .

========================================================================
Received Prepare
Refreshing native plugins compatible for Editor in 0.79 ms, found 0 plugins.
Preloading 0 native plugins for Editor in 0.00 ms.
Unloading 5 Unused Serialized files (Serialized files now loaded: 0)
System memory in use before: 54.0 MB.
System memory in use after: 54.1 MB.

Unloading 2 unused Assets to reduce memory usage. Loaded Objects now: 2019.
Total: 1.912300 ms (FindLiveObjects: 0.207300 ms CreateObjectMapping: 0.032100 ms MarkObjects: 1.662000 ms  DeleteObjects: 0.010000 ms)

AssetImportWorkerClient::OnTransportError - code=2 error=End of file
